<?xml version="1.0" encoding="UTF-8"?>
<!-- Generated by org.testng.reporters.JUnitXMLReporter -->
<testsuite ignored="0" hostname="SY4MYLP-61332YS" failures="0" tests="4" name="Open Cart Login Page Test" time="0.845" errors="0" timestamp="14 Jun 2022 14:40:57 GMT">
  <testcase classname="com.qa.opencart.base.BaseTest" name="@BeforeTest setUp" time="0.093">
    <failure type="com.qa.opencart.exceptions.FrameworkExceptions" message="Invalid browser name exception">
      <![CDATA[com.qa.opencart.exceptions.FrameworkExceptions: Invalid browser name exception
at com.qa.opencart.factory.DriverFactory.init_driver(DriverFactory.java:54)
at com.qa.opencart.base.BaseTest.setUp(BaseTest.java:34)
at java.base/java.util.concurrent.FutureTask.run(FutureTask.java:264)
at java.base/java.util.concurrent.ThreadPoolExecutor.runWorker(ThreadPoolExecutor.java:1128)
at java.base/java.util.concurrent.ThreadPoolExecutor$Worker.run(ThreadPoolExecutor.java:628)
at java.base/java.lang.Thread.run(Thread.java:834)
... Removed 15 stack frames]]>
    </failure>
  </testcase> <!-- @BeforeTest setUp -->
  <testcase classname="com.qa.opencart.base.BaseTest" name="@AfterTest tearDown" time="0.0">
    <skipped/>
  </testcase> <!-- @AfterTest tearDown -->
  <testcase classname="com.qa.opencart.tests.LoginPageTest" name="LoginPageUrlTest" time="0.0">
    <skipped/>
  </testcase> <!-- LoginPageUrlTest -->
  <testcase classname="com.qa.opencart.tests.LoginPageTest" name="forgetPasswordLinkTest" time="0.0">
    <skipped/>
  </testcase> <!-- forgetPasswordLinkTest -->
  <testcase classname="com.qa.opencart.tests.LoginPageTest" name="loginPageTitleTest" time="0.0">
    <skipped/>
  </testcase> <!-- loginPageTitleTest -->
  <testcase classname="com.qa.opencart.tests.LoginPageTest" name="loginTest" time="0.0">
    <skipped/>
  </testcase> <!-- loginTest -->
</testsuite> <!-- Open Cart Login Page Test -->
